[0mGET /index.html [36m304[0m 8.414 ms - -[0m
[0mGET /mc.jpg [36m304[0m 0.721 ms - -[0m
[0mGET /catalog.html [36m304[0m 0.659 ms - -[0m
[0mGET /mc.jpg [36m304[0m 0.765 ms - -[0m
[0mGET /addons [36m304[0m 2.157 ms - -[0m
[0mGET /stats [31m500[0m 1.062 ms - 58[0m
[0mGET /index.html [36m304[0m 0.823 ms - -[0m
[0mGET /mc.jpg [36m304[0m 1.000 ms - -[0m
[0mPOST /upload [32m200[0m 86.502 ms - 767[0m
[0mGET /catalog.html [36m304[0m 0.557 ms - -[0m
[0mGET /mc.jpg [36m304[0m 1.001 ms - -[0m
[0mGET /addons [32m200[0m 0.685 ms - 744[0m
[0mGET /stats [31m500[0m 0.976 ms - 58[0m
[0mGET /uploads/images/1760160438718-110384105-prot.gif [32m200[0m 1.309 ms - 16930[0m
[0mGET /uploads/addons/1760160438673-959559550-Insane%20Disasters%20Add-On%20Cyv%20Spark%20Universe.mcaddon [32m200[0m 5.331 ms - 25088961[0m
[0mGET /catalog.html [36m304[0m 1.055 ms - -[0m
[0mGET /mc.jpg [36m304[0m 0.692 ms - -[0m
[0mGET /addons [36m304[0m 0.802 ms - -[0m
[0mGET /stats [31m500[0m 0.909 ms - 58[0m
[0mGET /uploads/images/1760160438718-110384105-prot.gif [36m304[0m 0.766 ms - -[0m
[0mGET /catalog.html [36m304[0m 0.792 ms - -[0m
[0mGET /mc.jpg [36m304[0m 0.613 ms - -[0m
[0mGET /addons [36m304[0m 0.735 ms - -[0m
[0mGET /stats [31m500[0m 0.709 ms - 58[0m
[0mGET /uploads/images/1760160438718-110384105-prot.gif [36m304[0m 0.748 ms - -[0m
[0mGET /catalog.html [36m304[0m 0.461 ms - -[0m
[0mGET /mc.jpg [36m304[0m 0.480 ms - -[0m
[0mGET /addons [36m304[0m 0.781 ms - -[0m
[0mGET /stats [31m500[0m 0.945 ms - 58[0m
[0mGET /uploads/images/1760160438718-110384105-prot.gif [36m304[0m 0.977 ms - -[0m
[0mGET /catalog.html [36m304[0m 0.700 ms - -[0m
[0mGET /mc.jpg [36m304[0m 0.326 ms - -[0m
[0mGET /addons [36m304[0m 0.578 ms - -[0m
[0mGET /stats [31m500[0m 0.796 ms - 58[0m
[0mGET /uploads/images/1760160438718-110384105-prot.gif [36m304[0m 0.702 ms - -[0m
[0mGET /catalog.html [36m304[0m 0.907 ms - -[0m
[0mGET /mc.jpg [36m304[0m 0.807 ms - -[0m
[0mGET /addons [36m304[0m 1.018 ms - -[0m
[0mGET /stats [31m500[0m 0.812 ms - 58[0m
[0mGET /uploads/images/1760160438718-110384105-prot.gif [36m304[0m 1.117 ms - -[0m
[0mGET /catalog.html [36m304[0m 0.562 ms - -[0m
[0mGET /mc.jpg [36m304[0m 1.407 ms - -[0m
[0mGET /addons [36m304[0m 1.634 ms - -[0m
[0mGET /stats [31m500[0m 1.115 ms - 58[0m
[0mGET /uploads/images/1760160438718-110384105-prot.gif [36m304[0m 0.922 ms - -[0m
[0mGET /index.html [36m304[0m 1.226 ms - -[0m
[0mGET /mc.jpg [36m304[0m 0.320 ms - -[0m
[0mGET /catalog.html [36m304[0m 0.669 ms - -[0m
[0mGET /mc.jpg [36m304[0m 0.524 ms - -[0m
[0mGET /addons [36m304[0m 0.680 ms - -[0m
[0mGET /stats [31m500[0m 0.806 ms - 58[0m
[0mGET /uploads/images/1760160438718-110384105-prot.gif [36m304[0m 0.813 ms - -[0m
[0mGET /stats [31m500[0m 0.989 ms - 58[0m
[0mGET /stats [31m500[0m 1.013 ms - 58[0m
[0mGET /stats [31m500[0m 0.981 ms - 58[0m
[0mGET /stats [31m500[0m 1.222 ms - 58[0m
[0mGET /stats [31m500[0m 1.090 ms - 58[0m
[0mGET /index.html [36m304[0m 0.469 ms - -[0m
[0mGET /mc.jpg [36m304[0m 0.450 ms - -[0m
[0mGET /catalog.html [36m304[0m 0.615 ms - -[0m
[0mGET /mc.jpg [36m304[0m 0.349 ms - -[0m
[0mGET /addons [36m304[0m 0.588 ms - -[0m
[0mGET /stats [31m500[0m 0.546 ms - 58[0m
[0mGET /uploads/images/1760160438718-110384105-prot.gif [36m304[0m 0.313 ms - -[0m
[0mGET /uploads/images/1760160438718-110384105-prot.gif [36m304[0m 0.691 ms - -[0m
[0mGET /index.html [36m304[0m 0.522 ms - -[0m
[0mGET /mc.jpg [36m304[0m 0.576 ms - -[0m
[0mGET /index.html [36m304[0m 0.604 ms - -[0m
[0mGET /mc.jpg [36m304[0m 0.319 ms - -[0m
[0mGET /catalog.html [36m304[0m 0.336 ms - -[0m
[0mGET /mc.jpg [36m304[0m 0.480 ms - -[0m
[0mGET /addons [36m304[0m 0.531 ms - -[0m
[0mGET /stats [31m500[0m 1.065 ms - 58[0m
[0mGET /uploads/images/1760160438718-110384105-prot.gif [36m304[0m 0.908 ms - -[0m
[0mGET / [36m304[0m 8.204 ms - -[0m
[0mGET /mc.jpg [36m304[0m 0.957 ms - -[0m
[0mGET /catalog.html [36m304[0m 0.939 ms - -[0m
[0mGET /mc.jpg [36m304[0m 1.201 ms - -[0m
[0mGET /addons [36m304[0m 4.115 ms - -[0m
[0mGET /stats [32m200[0m 1.579 ms - 76[0m
[0mGET /uploads/images/1760160438718-110384105-prot.gif [36m304[0m 1.599 ms - -[0m
[0mGET /index.html [36m304[0m 0.567 ms - -[0m
[0mGET /mc.jpg [36m304[0m 0.696 ms - -[0m
[0mGET /catalog.html [36m304[0m 1.081 ms - -[0m
[0mGET /mc.jpg [36m304[0m 0.764 ms - -[0m
[0mGET /addons [36m304[0m 1.034 ms - -[0m
[0mGET /uploads/images/1760160438718-110384105-prot.gif [36m304[0m 1.185 ms - -[0m
[0mGET /stats [36m304[0m 1.382 ms - -[0m
[0mGET /index.html [36m304[0m 0.677 ms - -[0m
[0mGET /mc.jpg [36m304[0m 0.648 ms - -[0m
[0mPOST /upload [32m200[0m 26.931 ms - 746[0m
[0mGET /catalog.html [36m304[0m 1.178 ms - -[0m
[0mGET /mc.jpg [36m304[0m 0.820 ms - -[0m
[0mGET /addons [32m200[0m 1.042 ms - 1430[0m
[0mGET /uploads/images/1760160438718-110384105-prot.gif [36m304[0m 0.840 ms - -[0m
[0mGET /uploads/images/1760161583150-430856043-mc.jpg [32m200[0m 1.979 ms - 4228[0m
[0mGET /stats [32m200[0m 1.053 ms - 76[0m
[0mGET /index.html [36m304[0m 0.993 ms - -[0m
[0mGET /mc.jpg [36m304[0m 0.803 ms - -[0m
[0mGET /catalog.html [36m304[0m 0.701 ms - -[0m
[0mGET /mc.jpg [36m304[0m 0.793 ms - -[0m
[0mGET /addons [36m304[0m 0.785 ms - -[0m
[0mGET /stats [36m304[0m 1.199 ms - -[0m
[0mGET /uploads/images/1760160438718-110384105-prot.gif [36m304[0m 1.048 ms - -[0m
[0mGET /uploads/images/1760161583150-430856043-mc.jpg [36m304[0m 0.336 ms - -[0m
[0mGET /index.html [36m304[0m 0.950 ms - -[0m
[0mGET /mc.jpg [36m304[0m 0.380 ms - -[0m
[0mGET /catalog.html [36m304[0m 0.617 ms - -[0m
[0mGET /mc.jpg [36m304[0m 0.558 ms - -[0m
[0mGET /addons [36m304[0m 0.800 ms - -[0m
[0mGET /uploads/images/1760160438718-110384105-prot.gif [36m304[0m 0.778 ms - -[0m
[0mGET /stats [36m304[0m 1.138 ms - -[0m
[0mGET /uploads/images/1760161583150-430856043-mc.jpg [36m304[0m 0.437 ms - -[0m
[0mGET /uploads/addons/1760161583138-846984191-Structures%20Add-On%20Em.mcaddon.zip [32m200[0m 2.566 ms - 4318319[0m
[0mGET /catalog.html [36m304[0m 1.271 ms - -[0m
[0mGET /mc.jpg [36m304[0m 0.623 ms - -[0m
[0mGET /addons [36m304[0m 0.776 ms - -[0m
[0mGET /uploads/images/1760161583150-430856043-mc.jpg [36m304[0m 0.555 ms - -[0m
[0mGET /uploads/images/1760160438718-110384105-prot.gif [36m304[0m 0.860 ms - -[0m
[0mGET /stats [36m304[0m 0.715 ms - -[0m
[0mGET /index.html [36m304[0m 0.928 ms - -[0m
[0mGET /mc.jpg [36m304[0m 0.416 ms - -[0m
[0mGET / [32m200[0m 8.957 ms - 27549[0m
[0mGET /mc.jpg [36m304[0m 1.067 ms - -[0m
[0mGET /favicon.ico [33m404[0m 1.881 ms - 68[0m
[0mGET /catalog.html [36m304[0m 0.798 ms - -[0m
[0mGET /mc.jpg [36m304[0m 0.611 ms - -[0m
[0mGET /addons [36m304[0m 3.321 ms - -[0m
[0mGET /stats [36m304[0m 1.642 ms - -[0m
[0mGET /uploads/images/1760161583150-430856043-mc.jpg [36m304[0m 1.398 ms - -[0m
[0mGET /uploads/images/1760160438718-110384105-prot.gif [36m304[0m 0.875 ms - -[0m
[0mGET /index.html [32m200[0m 0.897 ms - 27549[0m
[0mGET /mc.jpg [36m304[0m 0.493 ms - -[0m
[0mGET / [36m304[0m 13.432 ms - -[0m
[0mGET /mc.jpg [36m304[0m 1.827 ms - -[0m
[0mGET /favicon.ico [33m404[0m 3.244 ms - 68[0m
[0mGET /catalog.html [36m304[0m 0.760 ms - -[0m
[0mGET /mc.jpg [36m304[0m 0.618 ms - -[0m
[0mGET /addons [36m304[0m 4.060 ms - -[0m
[0mGET /stats [36m304[0m 1.905 ms - -[0m
[0mGET /uploads/images/1760161583150-430856043-mc.jpg [36m304[0m 1.615 ms - -[0m
[0mGET /uploads/images/1760160438718-110384105-prot.gif [36m304[0m 1.375 ms - -[0m
[0mGET /index.html [36m304[0m 0.734 ms - -[0m
[0mGET /mc.jpg [36m304[0m 0.541 ms - -[0m
[0mGET / [32m200[0m 16.210 ms - 21290[0m
[0mGET /mc.jpg [36m304[0m 1.750 ms - -[0m
[0mGET /catalog.html [36m304[0m 0.595 ms - -[0m
[0mGET /mc.jpg [36m304[0m 1.152 ms - -[0m
[0mGET /addons [36m304[0m 5.837 ms - -[0m
[0mGET /stats [36m304[0m 1.874 ms - -[0m
[0mGET /uploads/images/1760161583150-430856043-mc.jpg [36m304[0m 3.248 ms - -[0m
[0mGET /uploads/images/1760160438718-110384105-prot.gif [36m304[0m 1.581 ms - -[0m
[0mGET /index.html [32m200[0m 1.133 ms - 21290[0m
[0mGET /mc.jpg [36m304[0m 0.841 ms - -[0m
[0mGET /catalog.html [36m304[0m 0.618 ms - -[0m
[0mGET /mc.jpg [36m304[0m 0.792 ms - -[0m
[0mGET /addons [36m304[0m 3.134 ms - -[0m
[0mGET /uploads/images/1760161583150-430856043-mc.jpg [36m304[0m 0.950 ms - -[0m
[0mGET /uploads/images/1760160438718-110384105-prot.gif [36m304[0m 0.781 ms - -[0m
[0mGET /stats [36m304[0m 1.009 ms - -[0m
[0mGET /stats [36m304[0m 1.691 ms - -[0m
[0mGET /stats [36m304[0m 1.679 ms - -[0m
[0mGET /stats [36m304[0m 1.433 ms - -[0m
[0mGET /stats [36m304[0m 1.528 ms - -[0m
[0mGET /stats [36m304[0m 1.805 ms - -[0m
[0mGET /stats [36m304[0m 1.742 ms - -[0m
[0mGET /stats [36m304[0m 1.592 ms - -[0m
[0mGET /index.html [36m304[0m 0.486 ms - -[0m
[0mGET /mc.jpg [36m304[0m 0.714 ms - -[0m
[0mGET /index.html [32m200[0m 1.040 ms - 21288[0m
[0mGET /mc.jpg [36m304[0m 0.645 ms - -[0m
[0mGET /index.html [36m304[0m 1.142 ms - -[0m
[0mGET /mc.jpg [36m304[0m 0.428 ms - -[0m
[0mGET /catalog.html [32m200[0m 0.662 ms - 21208[0m
[0mGET /mc.jpg [36m304[0m 0.694 ms - -[0m
[0mGET /addons [36m304[0m 0.594 ms - -[0m
[0mGET /stats [36m304[0m 1.058 ms - -[0m
[0mGET /uploads/images/1760161583150-430856043-mc.jpg [36m304[0m 1.141 ms - -[0m
[0mGET /uploads/images/1760160438718-110384105-prot.gif [36m304[0m 0.380 ms - -[0m
[0mGET /uploads/addons/1760161583138-846984191-Structures%20Add-On%20Em.mcaddon.zip [32m200[0m 6.736 ms - 4318319[0m
[0mGET /uploads/addons/1760160438673-959559550-Insane%20Disasters%20Add-On%20Cyv%20Spark%20Universe.mcaddon [32m200[0m 6.007 ms - 25088961[0m
[0mGET /stats [36m304[0m 1.708 ms - -[0m
[0mGET / [32m200[0m 9.560 ms - 21288[0m
[0mGET /mc.jpg [36m304[0m 1.105 ms - -[0m
[0mGET /catalog.html [36m304[0m 0.939 ms - -[0m
[0mGET /mc.jpg [36m304[0m 0.720 ms - -[0m
[0mGET /addons [36m304[0m 2.396 ms - -[0m
[0mGET /stats [36m304[0m 1.758 ms - -[0m
[0mGET /uploads/images/1760161583150-430856043-mc.jpg [33m404[0m 2.499 ms - 102[0m
[0mGET /uploads/images/1760160438718-110384105-prot.gif [33m404[0m 1.546 ms - 104[0m
[0mGET /stats [36m304[0m 1.984 ms - -[0m
[0mGET /catalog.html [36m304[0m 0.948 ms - -[0m
[0mGET /mc.jpg [36m304[0m 0.679 ms - -[0m
[0mGET /addons [36m304[0m 0.809 ms - -[0m
[0mGET /uploads/images/1760161583150-430856043-mc.jpg [33m404[0m 1.454 ms - 102[0m
[0mGET /uploads/images/1760160438718-110384105-prot.gif [33m404[0m 1.349 ms - 104[0m
[0mGET /stats [36m304[0m 1.346 ms - -[0m
[0mGET / [36m304[0m 0.388 ms - -[0m
[0mGET /mc.jpg [36m304[0m 1.189 ms - -[0m
[0mGET /catalog.html [36m304[0m 0.975 ms - -[0m
[0mGET /mc.jpg [36m304[0m 0.587 ms - -[0m
[0mGET /addons [36m304[0m 0.847 ms - -[0m
[0mGET /uploads/images/1760161583150-430856043-mc.jpg [33m404[0m 1.214 ms - 102[0m
[0mGET /uploads/images/1760160438718-110384105-prot.gif [33m404[0m 1.316 ms - 104[0m
[0mGET /stats [36m304[0m 0.866 ms - -[0m
[0mGET /uploads/addons/1760161583138-846984191-Structures%20Add-On%20Em.mcaddon.zip [33m404[0m 1.579 ms - 132[0m
[0mGET /stats [36m304[0m 1.431 ms - -[0m
[0mGET /stats [36m304[0m 1.545 ms - -[0m
[0mGET /stats [36m304[0m 1.412 ms - -[0m
[0mGET /stats [36m304[0m 1.485 ms - -[0m
[0mGET /stats [36m304[0m 1.471 ms - -[0m
[0mGET /stats [36m304[0m 1.449 ms - -[0m
[0mGET /stats [36m304[0m 2.361 ms - -[0m
[0mGET /stats [36m304[0m 0.568 ms - -[0m
[0mGET /stats [36m304[0m 1.486 ms - -[0m
[0mGET /stats [36m304[0m 1.426 ms - -[0m
[0mGET /stats [36m304[0m 1.367 ms - -[0m
[0mGET /stats [36m304[0m 1.424 ms - -[0m
[0mGET /stats [36m304[0m 1.543 ms - -[0m
[0mGET /stats [36m304[0m 1.641 ms - -[0m
[0mGET /stats [36m304[0m 1.411 ms - -[0m
[0mGET /stats [36m304[0m 1.267 ms - -[0m
[0mGET /stats [36m304[0m 1.334 ms - -[0m
[0mGET /stats [36m304[0m 1.427 ms - -[0m
[0mGET /stats [36m304[0m 1.525 ms - -[0m
[0mGET /stats [36m304[0m 1.979 ms - -[0m
[0mGET /stats [36m304[0m 1.279 ms - -[0m
[0mGET /stats [36m304[0m 1.291 ms - -[0m
[0mGET /stats [36m304[0m 1.323 ms - -[0m
[0mGET /stats [36m304[0m 1.173 ms - -[0m
[0mGET /stats [36m304[0m 1.234 ms - -[0m
[0mGET /stats [36m304[0m 1.273 ms - -[0m
[0mGET /stats [36m304[0m 2.061 ms - -[0m
[0mGET /stats [36m304[0m 1.429 ms - -[0m
[0mGET /stats [36m304[0m 1.438 ms - -[0m
[0mGET /stats [36m304[0m 1.257 ms - -[0m
[0mGET /stats [36m304[0m 1.413 ms - -[0m
[0mGET /stats [36m304[0m 1.088 ms - -[0m
[0mGET /stats [36m304[0m 1.736 ms - -[0m
[0mGET /stats [36m304[0m 2.133 ms - -[0m
[0mGET /stats [36m304[0m 1.357 ms - -[0m
[0mGET /stats [36m304[0m 1.364 ms - -[0m
[0mGET /stats [36m304[0m 1.270 ms - -[0m
[0mGET /stats [36m304[0m 1.691 ms - -[0m
[0mGET /stats [36m304[0m 1.433 ms - -[0m
[0mGET /stats [36m304[0m 1.274 ms - -[0m
[0mGET /stats [36m304[0m 2.193 ms - -[0m
[0mGET /stats [36m304[0m 1.373 ms - -[0m
[0mGET /stats [36m304[0m 1.552 ms - -[0m
[0mGET /stats [36m304[0m 1.371 ms - -[0m
[0mGET /stats [36m304[0m 1.477 ms - -[0m
[0mGET /stats [36m304[0m 1.322 ms - -[0m
[0mGET /stats [36m304[0m 1.731 ms - -[0m
[0mGET /stats [36m304[0m 1.967 ms - -[0m
[0mGET /stats [36m304[0m 0.656 ms - -[0m
[0mGET /stats [36m304[0m 0.748 ms - -[0m
[0mGET /stats [36m304[0m 1.239 ms - -[0m
[0mGET /stats [36m304[0m 1.396 ms - -[0m
[0mGET /stats [36m304[0m 1.394 ms - -[0m
[0mGET /stats [36m304[0m 1.273 ms - -[0m
[0mGET /stats [36m304[0m 0.787 ms - -[0m
[0mGET /stats [36m304[0m 2.186 ms - -[0m
[0mGET /stats [36m304[0m 0.686 ms - -[0m
[0mGET /stats [36m304[0m 1.661 ms - -[0m
[0mGET /stats [36m304[0m 1.418 ms - -[0m
[0mGET / [36m304[0m 12.010 ms - -[0m
[0mGET /mc.jpg [36m304[0m 1.003 ms - -[0m
[0mGET /catalog.html [36m304[0m 0.997 ms - -[0m
[0mGET /mc.jpg [36m304[0m 1.017 ms - -[0m
[0mGET /addons [36m304[0m 3.566 ms - -[0m
[0mGET /uploads/images/1760161583150-430856043-mc.jpg [33m404[0m 2.133 ms - 102[0m
[0mGET /uploads/images/1760160438718-110384105-prot.gif [33m404[0m 2.983 ms - 104[0m
[0mGET /stats [36m304[0m 1.320 ms - -[0m
[0mGET /stats [36m304[0m 2.633 ms - -[0m
[0mGET /stats [36m304[0m 1.893 ms - -[0m
[0mGET / [36m304[0m 0.709 ms - -[0m
[0mGET /mc.jpg [36m304[0m 1.511 ms - -[0m
[0mGET /catalog.html [36m304[0m 0.651 ms - -[0m
[0mGET /mc.jpg [36m304[0m 1.391 ms - -[0m
[0mGET /addons [36m304[0m 1.348 ms - -[0m
[0mGET /uploads/images/1760161583150-430856043-mc.jpg [33m404[0m 3.234 ms - 102[0m
[0mGET /uploads/images/1760160438718-110384105-prot.gif [33m404[0m 3.493 ms - 104[0m
[0mGET /stats [36m304[0m 3.172 ms - -[0m
[0mGET /index.html [36m304[0m 0.900 ms - -[0m
[0mGET /mc.jpg [36m304[0m 0.525 ms - -[0m
[0mGET / [36m304[0m 10.658 ms - -[0m
[0mGET /mc.jpg [36m304[0m 1.068 ms - -[0m
[0mGET /catalog.html [36m304[0m 0.954 ms - -[0m
[0mGET /mc.jpg [36m304[0m 1.115 ms - -[0m
[0mGET /addons [36m304[0m 3.484 ms - -[0m
[0mGET /uploads/images/1760161583150-430856043-mc.jpg [33m404[0m 1.899 ms - 102[0m
[0mGET /uploads/images/1760160438718-110384105-prot.gif [33m404[0m 3.133 ms - 104[0m
[0mGET /stats [36m304[0m 2.189 ms - -[0m
[0mGET /index.html [36m304[0m 1.350 ms - -[0m
[0mGET /mc.jpg [36m304[0m 1.256 ms - -[0m
[0mGET /index.html [36m304[0m 1.282 ms - -[0m
[0mGET /mc.jpg [36m304[0m 0.574 ms - -[0m
[0mGET / [36m304[0m 9.221 ms - -[0m
[0mGET /mc.jpg [36m304[0m 1.059 ms - -[0m
[0mGET /catalog.html [36m304[0m 0.859 ms - -[0m
[0mGET /mc.jpg [36m304[0m 1.310 ms - -[0m
[0mGET /addons [32m200[0m 2.573 ms - 38[0m
[0mGET /stats [32m200[0m 0.822 ms - 76[0m
[0mGET /stats [36m304[0m 0.873 ms - -[0m
[0mGET /stats [36m304[0m 1.813 ms - -[0m
[0mGET /stats [36m304[0m 1.979 ms - -[0m
[0mGET /index.html [36m304[0m 0.774 ms - -[0m
[0mGET /mc.jpg [36m304[0m 0.596 ms - -[0m
[0mPOST /upload [32m200[0m 56.300 ms - 607[0m
[0mGET /catalog.html [36m304[0m 1.944 ms - -[0m
[0mGET /mc.jpg [36m304[0m 1.340 ms - -[0m
[0mGET /addons [32m200[0m 1.086 ms - 584[0m
[0mGET /stats [32m200[0m 0.899 ms - 76[0m
[0mGET /uploads/addons/1760240725624-678781073-Parasite%20Outbreak%20Add-on.mcaddon [32m200[0m 3.021 ms - 8568937[0m
[0mGET /catalog.html [36m304[0m 1.043 ms - -[0m
[0mGET /mc.jpg [36m304[0m 0.707 ms - -[0m
[0mGET /addons [36m304[0m 0.545 ms - -[0m
[0mGET /stats [36m304[0m 1.037 ms - -[0m
[0mGET /catalog.html [36m304[0m 1.008 ms - -[0m
[0mGET /mc.jpg [36m304[0m 1.151 ms - -[0m
[0mGET /addons [36m304[0m 2.027 ms - -[0m
[0mGET /stats [36m304[0m 0.706 ms - -[0m
[0mGET /index.html [36m304[0m 0.953 ms - -[0m
[0mGET /mc.jpg [36m304[0m 0.461 ms - -[0m
[0mGET / [36m304[0m 10.779 ms - -[0m
[0mGET /mc.jpg [36m304[0m 1.127 ms - -[0m
[0mGET /catalog.html [36m304[0m 1.149 ms - -[0m
[0mGET /mc.jpg [36m304[0m 1.005 ms - -[0m
[0mGET /addons [36m304[0m 4.415 ms - -[0m
[0mGET /stats [36m304[0m 1.663 ms - -[0m
[0mGET /stats [36m304[0m 0.985 ms - -[0m
[0mGET /stats [36m304[0m 1.943 ms - -[0m
[0mGET /stats [36m304[0m 1.851 ms - -[0m
[0mGET /stats [36m304[0m 1.789 ms - -[0m
[0mGET /stats [36m304[0m 0.712 ms - -[0m
[0mGET / [36m304[0m 10.506 ms - -[0m
[0mGET /mc.jpg [36m304[0m 1.263 ms - -[0m
[0mGET /catalog.html [36m304[0m 1.247 ms - -[0m
[0mGET /mc.jpg [36m304[0m 1.131 ms - -[0m
[0mGET /addons [32m200[0m 11.779 ms - 38[0m
[0mGET /stats [32m200[0m 1.351 ms - 76[0m
[0mGET /index.html [36m304[0m 0.732 ms - -[0m
[0mGET /mc.jpg [36m304[0m 0.614 ms - -[0m
[0mGET /catalog.html [36m304[0m 1.401 ms - -[0m
[0mGET /mc.jpg [36m304[0m 0.779 ms - -[0m
[0mGET /addons [36m304[0m 1.155 ms - -[0m
[0mGET /stats [36m304[0m 1.237 ms - -[0m
[0mGET /index.html [36m304[0m 0.849 ms - -[0m
[0mGET /mc.jpg [36m304[0m 0.575 ms - -[0m
[0mPOST /upload [32m200[0m 38.104 ms - 595[0m
[0mGET /catalog.html [36m304[0m 0.414 ms - -[0m
[0mGET /mc.jpg [36m304[0m 0.814 ms - -[0m
[0mGET /addons [32m200[0m 1.654 ms - 572[0m
[0mGET /stats [32m200[0m 0.873 ms - 76[0m
[0mGET /stats [36m304[0m 1.215 ms - -[0m
[0mGET /catalog.html [36m304[0m 1.022 ms - -[0m
[0mGET /mc.jpg [36m304[0m 0.956 ms - -[0m
[0mGET /addons [32m200[0m 6.589 ms - 38[0m
[0mGET /stats [32m200[0m 0.748 ms - 76[0m
[0mGET /index.html [36m304[0m 0.738 ms - -[0m
[0mGET /mc.jpg [36m304[0m 0.537 ms - -[0m
[0mGET / [36m304[0m 18.595 ms - -[0m
[0mGET /mc.jpg [36m304[0m 0.958 ms - -[0m
[0mGET /favicon.ico [33m404[0m 3.077 ms - 68[0m
[0mGET /catalog.html [36m304[0m 1.660 ms - -[0m
[0mGET /mc.jpg [36m304[0m 0.888 ms - -[0m
[0mGET /addons [36m304[0m 1.735 ms - -[0m
[0mGET /stats [36m304[0m 1.110 ms - -[0m
[0mGET /index.html [36m304[0m 0.981 ms - -[0m
[0mGET /mc.jpg [36m304[0m 1.235 ms - -[0m
